# JRE version: Java(TM) SE Runtime Environment (18.0.2.1+1) (build 18.0.2.1+1-1)
# Java VM: Java HotSpot(TM) 64-Bit Server VM (18.0.2.1+1-1, mixed mode, sharing, tiered, compressed oops, compressed class ptrs, g1 gc, windows-amd64)
GC Precious Log:
 CardTable entry size: 512
 Card Set container configuration: InlinePtr #cards 5 size 8 Array Of Cards #cards 12 size 40 Howl #buckets 4 coarsen threshold 1843 Howl Bitmap #cards 512 size 80 coarsen threshold 460 Card regions per heap region 1 cards per card region 2048
 CPUs: 8 total, 8 available
 Memory: 7975M
 Large Page Support: Disabled
 NUMA Support: Disabled
 Compressed Oops: Enabled (32-bit)
 Heap Region Size: 1M
 Heap Min Capacity: 8M
 Heap Initial Capacity: 126M
 Heap Max Capacity: 2G
 Pre-touch: Disabled
 Parallel Workers: 8
 Concurrent Workers: 2
 Concurrent Refinement Workers: 8
 Periodic GC: Disabled
Heap:
 garbage-first heap   total 156672K, used 74971K [0x0000000080000000, 0x0000000100000000)
  region size 1024K, 1 young (1024K), 1 survivors (1024K)
 Metaspace       used 74777K, committed 79168K, reserved 552960K
  class space    used 9916K, committed 11520K, reserved 421888K
GC Heap History (20 events):
Event: 124.117 GC heap after
{Heap after GC invocations=39 (full 0):
 garbage-first heap   total 126976K, used 71241K [0x0000000080000000, 0x0000000100000000)
  region size 1024K, 3 young (3072K), 3 survivors (3072K)
 Metaspace       used 72088K, committed 74048K, reserved 487424K
  class space    used 9804K, committed 10816K, reserved 421888K
}
Event: 127.217 GC heap before
{Heap before GC invocations=40 (full 0):
 garbage-first heap   total 130048K, used 99913K [0x0000000080000000, 0x0000000100000000)
  region size 1024K, 26 young (26624K), 3 survivors (3072K)
 Metaspace       used 73381K, committed 75328K, reserved 487424K
  class space    used 9974K, committed 11008K, reserved 421888K
}
Event: 127.249 GC heap after
{Heap after GC invocations=41 (full 0):
 garbage-first heap   total 130048K, used 73703K [0x0000000080000000, 0x0000000100000000)
  region size 1024K, 4 young (4096K), 4 survivors (4096K)
 Metaspace       used 73381K, committed 75328K, reserved 487424K
  class space    used 9974K, committed 11008K, reserved 421888K
}
Event: 127.607 GC heap before
{Heap before GC invocations=41 (full 0):
 garbage-first heap   total 130048K, used 75751K [0x0000000080000000, 0x0000000100000000)
  region size 1024K, 6 young (6144K), 4 survivors (4096K)
 Metaspace       used 73595K, committed 75520K, reserved 487424K
  class space    used 10005K, committed 11008K, reserved 421888K
}
Event: 127.627 GC heap after
{Heap after GC invocations=42 (full 0):
 garbage-first heap   total 130048K, used 73741K [0x0000000080000000, 0x0000000100000000)
  region size 1024K, 1 young (1024K), 1 survivors (1024K)
 Metaspace       used 73595K, committed 75520K, reserved 487424K
  class space    used 10005K, committed 11008K, reserved 421888K
}
Event: 129.438 GC heap before
{Heap before GC invocations=42 (full 0):
 garbage-first heap   total 130048K, used 96269K [0x0000000080000000, 0x0000000100000000)
  region size 1024K, 25 young (25600K), 1 survivors (1024K)
 Metaspace       used 75800K, committed 77824K, reserved 552960K
  class space    used 10258K, committed 11264K, reserved 421888K
}
Event: 129.442 GC heap after
{Heap after GC invocations=43 (full 0):
 garbage-first heap   total 156672K, used 75148K [0x0000000080000000, 0x0000000100000000)
  region size 1024K, 2 young (2048K), 2 survivors (2048K)
 Metaspace       used 75800K, committed 77824K, reserved 552960K
  class space    used 10258K, committed 11264K, reserved 421888K
}
Event: 131.784 GC heap before
{Heap before GC invocations=44 (full 0):
 garbage-first heap   total 156672K, used 113036K [0x0000000080000000, 0x0000000100000000)
  region size 1024K, 38 young (38912K), 2 survivors (2048K)
 Metaspace       used 77022K, committed 78976K, reserved 552960K
  class space    used 10451K, committed 11456K, reserved 421888K
}
Event: 131.817 GC heap after
{Heap after GC invocations=45 (full 0):
 garbage-first heap   total 156672K, used 77980K [0x0000000080000000, 0x0000000100000000)
  region size 1024K, 5 young (5120K), 5 survivors (5120K)
 Metaspace       used 77022K, committed 78976K, reserved 552960K
  class space    used 10451K, committed 11456K, reserved 421888K
}
Event: 131.834 GC heap before
{Heap before GC invocations=45 (full 0):
 garbage-first heap   total 156672K, used 80028K [0x0000000080000000, 0x0000000100000000)
  region size 1024K, 7 young (7168K), 5 survivors (5120K)
 Metaspace       used 77022K, committed 78976K, reserved 552960K
  class space    used 10451K, committed 11456K, reserved 421888K
}
Event: 132.505 GC heap after
{Heap after GC invocations=46 (full 0):
 garbage-first heap   total 156672K, used 77646K [0x0000000080000000, 0x0000000100000000)
  region size 1024K, 1 young (1024K), 1 survivors (1024K)
 Metaspace       used 77022K, committed 78976K, reserved 552960K
  class space    used 10451K, committed 11456K, reserved 421888K
}
Event: 15245.240 GC heap before
{Heap before GC invocations=46 (full 0):
 garbage-first heap   total 156672K, used 91982K [0x0000000080000000, 0x0000000100000000)
  region size 1024K, 15 young (15360K), 1 survivors (1024K)
 Metaspace       used 77116K, committed 79104K, reserved 552960K
  class space    used 10457K, committed 11520K, reserved 421888K
}
Event: 15246.032 GC heap after
{Heap after GC invocations=47 (full 0):
 garbage-first heap   total 156672K, used 78413K [0x0000000080000000, 0x0000000100000000)
  region size 1024K, 2 young (2048K), 2 survivors (2048K)
 Metaspace       used 77116K, committed 79104K, reserved 552960K
  class space    used 10457K, committed 11520K, reserved 421888K
}
Event: 15249.771 GC heap before
{Heap before GC invocations=47 (full 0):
 garbage-first heap   total 156672K, used 83533K [0x0000000080000000, 0x0000000100000000)
  region size 1024K, 7 young (7168K), 2 survivors (2048K)
 Metaspace       used 77124K, committed 79104K, reserved 552960K
  class space    used 10457K, committed 11520K, reserved 421888K
}
Event: 15249.804 GC heap after
{Heap after GC invocations=48 (full 0):
 garbage-first heap   total 156672K, used 78526K [0x0000000080000000, 0x0000000100000000)
  region size 1024K, 1 young (1024K), 1 survivors (1024K)
 Metaspace       used 77124K, committed 79104K, reserved 552960K
  class space    used 10457K, committed 11520K, reserved 421888K
}
Event: 15260.511 GC heap before
{Heap before GC invocations=48 (full 0):
 garbage-first heap   total 156672K, used 87742K [0x0000000080000000, 0x0000000100000000)
  region size 1024K, 10 young (10240K), 1 survivors (1024K)
 Metaspace       used 74712K, committed 79168K, reserved 552960K
  class space    used 9916K, committed 11520K, reserved 421888K
}
Event: 15260.544 GC heap after
{Heap after GC invocations=49 (full 0):
 garbage-first heap   total 156672K, used 78475K [0x0000000080000000, 0x0000000100000000)
  region size 1024K, 1 young (1024K), 1 survivors (1024K)
 Metaspace       used 74712K, committed 79168K, reserved 552960K
  class space    used 9916K, committed 11520K, reserved 421888K
}
Event: 15262.762 GC heap before
{Heap before GC invocations=50 (full 0):
 garbage-first heap   total 156672K, used 90763K [0x0000000080000000, 0x0000000100000000)
  region size 1024K, 13 young (13312K), 1 survivors (1024K)
 Metaspace       used 74777K, committed 79168K, reserved 552960K
  class space    used 9916K, committed 11520K, reserved 421888K
}
Event: 15262.773 GC heap after
{Heap after GC invocations=51 (full 0):
 garbage-first heap   total 156672K, used 78428K [0x0000000080000000, 0x0000000100000000)
  region size 1024K, 1 young (1024K), 1 survivors (1024K)
 Metaspace       used 74777K, committed 79168K, reserved 552960K
  class space    used 9916K, committed 11520K, reserved 421888K
}
Event: 15262.980 GC heap before
{Heap before GC invocations=51 (full 0):
 garbage-first heap   total 156672K, used 84572K [0x0000000080000000, 0x0000000100000000)
  region size 1024K, 7 young (7168K), 1 survivors (1024K)
 Metaspace       used 74777K, committed 79168K, reserved 552960K
  class space    used 9916K, committed 11520K, reserved 421888K
}

